# JRE version: 7.0_10-b18
# Java VM: Java HotSpot(TM) 64-Bit Server VM (23.6-b04 mixed mode windows-amd64 compressed oops)
Heap
 PSYoungGen      total 361856K, used 203661K [0x00000007c1800000, 0x00000007e61c0000, 0x0000000800000000)
  eden space 152896K, 29% used [0x00000007c1800000,0x00000007c435b7c0,0x00000007cad50000)
  from space 208960K, 76% used [0x00000007d8260000,0x00000007e1de8010,0x00000007e4e70000)
  to   space 218176K, 0% used [0x00000007cad50000,0x00000007cad50000,0x00000007d8260000)
 ParOldGen       total 798656K, used 598933K [0x0000000744800000, 0x00000007753f0000, 0x00000007c1800000)
  object space 798656K, 74% used [0x0000000744800000,0x00000007690e5688,0x00000007753f0000)
 PSPermGen       total 21248K, used 8361K [0x000000073f600000, 0x0000000740ac0000, 0x0000000744800000)
  object space 21248K, 39% used [0x000000073f600000,0x000000073fe2a708,0x0000000740ac0000)
GC Heap History (10 events):
Event: 18.524 GC heap before
{Heap before GC invocations=27 (full 4):
 PSYoungGen      total 298304K, used 290080K [0x00000007c1800000, 0x00000007e24b0000, 0x0000000800000000)
  eden space 122880K, 100% used [0x00000007c1800000,0x00000007c9000000,0x00000007c9000000)
  from space 175424K, 95% used [0x00000007d4fd0000,0x00000007df318010,0x00000007dfb20000)
  to   space 196416K, 0% used [0x00000007c9000000,0x00000007c9000000,0x00000007d4fd0000)
 ParOldGen       total 570240K, used 456805K [0x0000000744800000, 0x00000007674e0000, 0x00000007c1800000)
  object space 570240K, 80% used [0x0000000744800000,0x00000007606195c0,0x00000007674e0000)
 PSPermGen       total 21248K, used 6723K [0x000000073f600000, 0x0000000740ac0000, 0x0000000744800000)
  object space 21248K, 31% used [0x000000073f600000,0x000000073fc90ec0,0x0000000740ac0000)
Event: 18.860 GC heap after
Heap after GC invocations=27 (full 4):
 PSYoungGen      total 319296K, used 164832K [0x00000007c1800000, 0x00000007e4670000, 0x0000000800000000)
  eden space 122880K, 0% used [0x00000007c1800000,0x00000007c1800000,0x00000007c9000000)
  from space 196416K, 83% used [0x00000007c9000000,0x00000007d30f8010,0x00000007d4fd0000)
  to   space 212288K, 0% used [0x00000007d7720000,0x00000007d7720000,0x00000007e4670000)
 ParOldGen       total 570240K, used 490509K [0x0000000744800000, 0x00000007674e0000, 0x00000007c1800000)
  object space 570240K, 86% used [0x0000000744800000,0x00000007627035c0,0x00000007674e0000)
 PSPermGen       total 21248K, used 6723K [0x000000073f600000, 0x0000000740ac0000, 0x0000000744800000)
  object space 21248K, 31% used [0x000000073f600000,0x000000073fc90ec0,0x0000000740ac0000)
}
Event: 19.255 GC heap before
{Heap before GC invocations=28 (full 4):
 PSYoungGen      total 319296K, used 287712K [0x00000007c1800000, 0x00000007e4670000, 0x0000000800000000)
  eden space 122880K, 100% used [0x00000007c1800000,0x00000007c9000000,0x00000007c9000000)
  from space 196416K, 83% used [0x00000007c9000000,0x00000007d30f8010,0x00000007d4fd0000)
  to   space 212288K, 0% used [0x00000007d7720000,0x00000007d7720000,0x00000007e4670000)
 ParOldGen       total 570240K, used 490509K [0x0000000744800000, 0x00000007674e0000, 0x00000007c1800000)
  object space 570240K, 86% used [0x0000000744800000,0x00000007627035c0,0x00000007674e0000)
 PSPermGen       total 21248K, used 6723K [0x000000073f600000, 0x0000000740ac0000, 0x0000000744800000)
  object space 21248K, 31% used [0x000000073f600000,0x000000073fc90ec0,0x0000000740ac0000)
Event: 19.565 GC heap after
Heap after GC invocations=28 (full 4):
 PSYoungGen      total 355648K, used 142080K [0x00000007c1800000, 0x00000007e4e30000, 0x0000000800000000)
  eden space 143360K, 0% used [0x00000007c1800000,0x00000007c1800000,0x00000007ca400000)
  from space 212288K, 66% used [0x00000007d7720000,0x00000007e01e0000,0x00000007e4670000)
  to   space 216192K, 0% used [0x00000007ca400000,0x00000007ca400000,0x00000007d7720000)
 ParOldGen       total 570240K, used 546445K [0x0000000744800000, 0x00000007674e0000, 0x00000007c1800000)
  object space 570240K, 95% used [0x0000000744800000,0x0000000765da35d0,0x00000007674e0000)
 PSPermGen       total 21248K, used 6723K [0x000000073f600000, 0x0000000740ac0000, 0x0000000744800000)
  object space 21248K, 31% used [0x000000073f600000,0x000000073fc90ec0,0x0000000740ac0000)
}
Event: 19.565 GC heap before
{Heap before GC invocations=29 (full 5):
 PSYoungGen      total 355648K, used 142080K [0x00000007c1800000, 0x00000007e4e30000, 0x0000000800000000)
  eden space 143360K, 0% used [0x00000007c1800000,0x00000007c1800000,0x00000007ca400000)
  from space 212288K, 66% used [0x00000007d7720000,0x00000007e01e0000,0x00000007e4670000)
  to   space 216192K, 0% used [0x00000007ca400000,0x00000007ca400000,0x00000007d7720000)
 ParOldGen       total 570240K, used 546445K [0x0000000744800000, 0x00000007674e0000, 0x00000007c1800000)
  object space 570240K, 95% used [0x0000000744800000,0x0000000765da35d0,0x00000007674e0000)
 PSPermGen       total 21248K, used 6723K [0x000000073f600000, 0x0000000740ac0000, 0x0000000744800000)
  object space 21248K, 31% used [0x000000073f600000,0x000000073fc90ec0,0x0000000740ac0000)
Event: 24.028 GC heap after
Heap after GC invocations=29 (full 5):
 PSYoungGen      total 355648K, used 101078K [0x00000007c1800000, 0x00000007e4e30000, 0x0000000800000000)
  eden space 143360K, 0% used [0x00000007c1800000,0x00000007c1800000,0x00000007ca400000)
  from space 212288K, 47% used [0x00000007d7720000,0x00000007dd9d5868,0x00000007e4670000)
  to   space 216192K, 0% used [0x00000007ca400000,0x00000007ca400000,0x00000007d7720000)
 ParOldGen       total 798656K, used 570237K [0x0000000744800000, 0x00000007753f0000, 0x00000007c1800000)
  object space 798656K, 71% used [0x0000000744800000,0x00000007674df688,0x00000007753f0000)
 PSPermGen       total 21248K, used 6723K [0x000000073f600000, 0x0000000740ac0000, 0x0000000744800000)
  object space 21248K, 31% used [0x000000073f600000,0x000000073fc90e60,0x0000000740ac0000)
}
Event: 24.504 GC heap before
{Heap before GC invocations=30 (full 5):
 PSYoungGen      total 355648K, used 244438K [0x00000007c1800000, 0x00000007e4e30000, 0x0000000800000000)
  eden space 143360K, 100% used [0x00000007c1800000,0x00000007ca400000,0x00000007ca400000)
  from space 212288K, 47% used [0x00000007d7720000,0x00000007dd9d5868,0x00000007e4670000)
  to   space 216192K, 0% used [0x00000007ca400000,0x00000007ca400000,0x00000007d7720000)
 ParOldGen       total 798656K, used 570237K [0x0000000744800000, 0x00000007753f0000, 0x00000007c1800000)
  object space 798656K, 71% used [0x0000000744800000,0x00000007674df688,0x00000007753f0000)
 PSPermGen       total 21248K, used 6723K [0x000000073f600000, 0x0000000740ac0000, 0x0000000744800000)
  object space 21248K, 31% used [0x000000073f600000,0x000000073fc90e60,0x0000000740ac0000)
Event: 25.043 GC heap after
Heap after GC invocations=30 (full 5):
 PSYoungGen      total 359552K, used 115808K [0x00000007c1800000, 0x00000007e4e70000, 0x0000000800000000)
  eden space 143360K, 0% used [0x00000007c1800000,0x00000007c1800000,0x00000007ca400000)
  from space 216192K, 53% used [0x00000007ca400000,0x00000007d1518000,0x00000007d7720000)
  to   space 208960K, 0% used [0x00000007d8260000,0x00000007d8260000,0x00000007e4e70000)
 ParOldGen       total 798656K, used 598933K [0x0000000744800000, 0x00000007753f0000, 0x00000007c1800000)
  object space 798656K, 74% used [0x0000000744800000,0x00000007690e5688,0x00000007753f0000)
 PSPermGen       total 21248K, used 6723K [0x000000073f600000, 0x0000000740ac0000, 0x0000000744800000)
  object space 21248K, 31% used [0x000000073f600000,0x000000073fc90e60,0x0000000740ac0000)
}
Event: 25.486 GC heap before
{Heap before GC invocations=31 (full 5):
 PSYoungGen      total 359552K, used 259168K [0x00000007c1800000, 0x00000007e4e70000, 0x0000000800000000)
  eden space 143360K, 100% used [0x00000007c1800000,0x00000007ca400000,0x00000007ca400000)
  from space 216192K, 53% used [0x00000007ca400000,0x00000007d1518000,0x00000007d7720000)
  to   space 208960K, 0% used [0x00000007d8260000,0x00000007d8260000,0x00000007e4e70000)
 ParOldGen       total 798656K, used 598933K [0x0000000744800000, 0x00000007753f0000, 0x00000007c1800000)
  object space 798656K, 74% used [0x0000000744800000,0x00000007690e5688,0x00000007753f0000)
 PSPermGen       total 21248K, used 6730K [0x000000073f600000, 0x0000000740ac0000, 0x0000000744800000)
  object space 21248K, 31% used [0x000000073f600000,0x000000073fc92a38,0x0000000740ac0000)
Event: 25.993 GC heap after
Heap after GC invocations=31 (full 5):
 PSYoungGen      total 361856K, used 159264K [0x00000007c1800000, 0x00000007e61c0000, 0x0000000800000000)
  eden space 152896K, 0% used [0x00000007c1800000,0x00000007c1800000,0x00000007cad50000)
  from space 208960K, 76% used [0x00000007d8260000,0x00000007e1de8010,0x00000007e4e70000)
  to   space 218176K, 0% used [0x00000007cad50000,0x00000007cad50000,0x00000007d8260000)
 ParOldGen       total 798656K, used 598933K [0x0000000744800000, 0x00000007753f0000, 0x00000007c1800000)
  object space 798656K, 74% used [0x0000000744800000,0x00000007690e5688,0x00000007753f0000)
 PSPermGen       total 21248K, used 6730K [0x000000073f600000, 0x0000000740ac0000, 0x0000000744800000)
  object space 21248K, 31% used [0x000000073f600000,0x000000073fc92a38,0x0000000740ac0000)
}

